#
# A fatal error has been detected by the Java Runtime Environment:
#
#  EXCEPTION_UNCAUGHT_CXX_EXCEPTION (0xe06d7363) at pc=0x00007ffb609a4f69, pid=11396, tid=0x0000000000004dcc
#
# JRE version: OpenJDK Runtime Environment (8.0_232-b09) (build 1.8.0_232-b09)
# Java VM: OpenJDK 64-Bit Server VM (25.232-b09 mixed mode windows-amd64 compressed oops)
# Problematic frame:
# C  [KERNELBASE.dll+0x34f69]
#
# Failed to write core dump. Minidumps are not enabled by default on client versions of Windows
#
# If you would like to submit a bug report, please visit:
#   
# The crash happened outside the Java Virtual Machine in native code.
# See problematic frame for where to report the bug.
#

---------------  T H R E A D  ---------------

Current thread (0x0000020998bc3800):  JavaThread "main" [_thread_in_native, id=19916, stack(0x000000a138400000,0x000000a1385f0000)]

siginfo: ExceptionCode=0xe06d7363, ExceptionInformation=0x0000000019930520 0x000000a1385e5fe0 0x00007ffb06617cb0 0x00007ffb065a0000 

Registers:
RAX=0x00000209bbeb7bd0, RBX=0x00007ffb06617cb0, RCX=0x00000209cdb42f18, RDX=0x00000209bbeb7bd0
RSP=0x000000a1385e5e00, RBP=0x000000a1385e6040, RSI=0x000000a1385e5fe0, RDI=0x0000000019930520
R8 =0x0000000000000000, R9 =0x000000a1385e5720, R10=0x00000209cdc0d290, R11=0x0000000000000000
R12=0x00000209bb9650c0, R13=0x000000a1385e6130, R14=0x00000209baadce90, R15=0x0000000000000000
RIP=0x00007ffb609a4f69, EFLAGS=0x0000000000000202

Top of Stack: (sp=0x000000a1385e5e00)
0x000000a1385e5e00:   00000209ba23b9c0 00007ffb06617cb0
0x000000a1385e5e10:   000000a1385e5fe0 000000a1385e5f78
0x000000a1385e5e20:   00000001e06d7363 0000000000000000
0x000000a1385e5e30:   00007ffb609a4f69 0000000000000004
0x000000a1385e5e40:   0000000019930520 000000a1385e5fe0
0x000000a1385e5e50:   00007ffb06617cb0 00007ffb065a0000
0x000000a1385e5e60:   000000a1385e6130 00000209bb9650c0
0x000000a1385e5e70:   000000a1385e5fe0 000000a1385e6040
0x000000a1385e5e80:   000000a1385e5f00 00007ffb63284a5f
0x000000a1385e5e90:   0000000019930520 0000000000000000
0x000000a1385e5ea0:   0000000000000000 00007ffb065a929a
0x000000a1385e5eb0:   00007ffb0661f000 00007ffb065a0000
0x000000a1385e5ec0:   0000da7489b3f9c1 00007ffb0842c980
0x000000a1385e5ed0:   00007ffb06617cb0 00007ffb57f66220
0x000000a1385e5ee0:   00000209ba9fc248 00000209bb651140
0x000000a1385e5ef0:   000000a1385e5fe0 00007ffb065c1230 

Instructions: (pc=0x00007ffb609a4f69)
0x00007ffb609a4f49:   8b d1 44 0f 47 c0 44 89 44 24 38 49 c1 e0 03 e8
0x00007ffb609a4f59:   1a d5 05 00 48 8d 4c 24 20 48 ff 15 8f 9d 18 00
0x00007ffb609a4f69:   0f 1f 44 00 00 48 8b 8c 24 c0 00 00 00 48 33 cc
0x00007ffb609a4f79:   e8 52 97 05 00 48 81 c4 d8 00 00 00 c3 cc 83 64 


Register to memory mapping:

RAX=0x00000209bbeb7bd0 is at code_begin+1040 in an Interpreter codelet
invoke return entry points  [0x00000209bbeb77c0, 0x00000209bbeb81a0]  2528 bytes
RBX=0x00007ffb06617cb0 is an unknown value
RCX=0x00000209cdb42f18 is pointing into metadata
RDX=0x00000209bbeb7bd0 is at code_begin+1040 in an Interpreter codelet
invoke return entry points  [0x00000209bbeb77c0, 0x00000209bbeb81a0]  2528 bytes
RSP=0x000000a1385e5e00 is pointing into the stack for thread: 0x0000020998bc3800
RBP=0x000000a1385e6040 is pointing into the stack for thread: 0x0000020998bc3800
RSI=0x000000a1385e5fe0 is pointing into the stack for thread: 0x0000020998bc3800
RDI=0x0000000019930520 is an unknown value
R8 =0x0000000000000000 is an unknown value
R9 =0x000000a1385e5720 is pointing into the stack for thread: 0x0000020998bc3800
R10=0x00000209cdc0d290 is pointing into metadata
R11=0x0000000000000000 is an unknown value
R12=0x00000209bb9650c0 is an unknown value
R13=0x000000a1385e6130 is pointing into the stack for thread: 0x0000020998bc3800
R14=0x00000209baadce90 is an unknown value
R15=0x0000000000000000 is an unknown value


Stack: [0x000000a138400000,0x000000a1385f0000],  sp=0x000000a1385e5e00,  free space=1943k
Native frames: (J=compiled Java code, j=interpreted, Vv=VM code, C=native code)
C  [KERNELBASE.dll+0x34f69]
C  [VCRUNTIME140.dll+0x6220]
C  0x00007ffb065e1fbf
C  0x00007ffb065d474b
C  0x00000209bbec9c8e

Java frames: (J=compiled Java code, j=interpreted, Vv=VM code)
j  org.jpype.manager.TypeFactoryNative.newWrapper(JJ)V+0
j  org.jpype.JPypeContext.newWrapper(J)V+16
v  ~StubRoutines::call_stub
j  org.jpype.manager.TypeFactoryNative.newWrapper(JJ)V+0
j  org.jpype.JPypeContext.newWrapper(J)V+16
v  ~StubRoutines::call_stub
j  org.jpype.manager.TypeFactoryNative.newWrapper(JJ)V+0
j  org.jpype.JPypeContext.newWrapper(J)V+16
v  ~StubRoutines::call_stub
j  org.jpype.manager.TypeFactoryNative.newWrapper(JJ)V+0
j  org.jpype.JPypeContext.newWrapper(J)V+16
v  ~StubRoutines::call_stub

---------------  P R O C E S S  ---------------

Java Threads: ( => current thread )
  0x00000209baadd800 JavaThread "Python Reference Queue" daemon [_thread_blocked, id=13748, stack(0x000000a13ba40000,0x000000a13bc30000)]
  0x00000209ba8aa000 JavaThread "Service Thread" daemon [_thread_blocked, id=13028, stack(0x000000a13b660000,0x000000a13b850000)]
  0x00000209ba80c000 JavaThread "C1 CompilerThread2" daemon [_thread_blocked, id=15460, stack(0x000000a13b470000,0x000000a13b660000)]
  0x00000209ba847000 JavaThread "C2 CompilerThread1" daemon [_thread_blocked, id=15472, stack(0x000000a13b280000,0x000000a13b470000)]
  0x00000209ba809000 JavaThread "C2 CompilerThread0" daemon [_thread_blocked, id=15644, stack(0x000000a13b090000,0x000000a13b280000)]
  0x00000209ba842000 JavaThread "Attach Listener" daemon [_thread_blocked, id=30500, stack(0x000000a13aea0000,0x000000a13b090000)]
  0x00000209ba7df800 JavaThread "Signal Dispatcher" daemon [_thread_blocked, id=28964, stack(0x000000a13acb0000,0x000000a13aea0000)]
  0x00000209ba7dc000 JavaThread "Finalizer" daemon [_thread_blocked, id=27668, stack(0x000000a13aac0000,0x000000a13acb0000)]
  0x00000209ba7ce000 JavaThread "Reference Handler" daemon [_thread_blocked, id=2296, stack(0x000000a13a8d0000,0x000000a13aac0000)]
=>0x0000020998bc3800 JavaThread "main" [_thread_in_native, id=19916, stack(0x000000a138400000,0x000000a1385f0000)]

Other Threads:
  0x00000209ba7cb800 VMThread [stack: 0x000000a13a6e0000,0x000000a13a8d0000] [id=16776]
  0x00000209ba7e0800 WatcherThread [stack: 0x000000a13b850000,0x000000a13ba40000] [id=28560]

VM state:not at safepoint (normal execution)

VM Mutex/Monitor currently owned by a thread: None

heap address: 0x00000000c0000000, size: 1024 MB, Compressed Oops mode: 32-bit
Narrow klass base: 0x0000000000000000, Narrow klass shift: 3
Compressed class space size: 1073741824 Address: 0x0000000100000000

Heap:
 PSYoungGen      total 270848K, used 99090K [0x00000000eab00000, 0x00000000fbe00000, 0x0000000100000000)
  eden space 260096K, 38% used [0x00000000eab00000,0x00000000f0bc4aa0,0x00000000fa900000)
  from space 10752K, 0% used [0x00000000fb380000,0x00000000fb380000,0x00000000fbe00000)
  to   space 10752K, 0% used [0x00000000fa900000,0x00000000fa900000,0x00000000fb380000)
 ParOldGen       total 173568K, used 68012K [0x00000000c0000000, 0x00000000ca980000, 0x00000000eab00000)
  object space 173568K, 39% used [0x00000000c0000000,0x00000000c426b220,0x00000000ca980000)
 Metaspace       used 13931K, capacity 14592K, committed 14848K, reserved 1062912K
  class space    used 2054K, capacity 2217K, committed 2304K, reserved 1048576K

Card table byte_map: [0x00000209cb270000,0x00000209cb480000] byte_map_base: 0x00000209cac70000

Marking Bits: (ParMarkBitMap*) 0x0000000059a15f70
 Begin Bits: [0x00000209cb5e0000, 0x00000209cc5e0000)
 End Bits:   [0x00000209cc5e0000, 0x00000209cd5e0000)

Polling page: 0x00000209bbe80000

CodeCache: size=245760Kb used=10357Kb max_used=10369Kb free=235402Kb
 bounds [0x00000209bbeb0000, 0x00000209bc8e0000, 0x00000209caeb0000]
 total_blobs=3363 nmethods=2994 adapters=282
 compilation: enabled

Compilation events (10 events):
Event: 137.818 Thread 0x00000209ba80c000 nmethod 3029 0x00000209bc8d0490 code [0x00000209bc8d0680, 0x00000209bc8d10d0]
Event: 137.818 Thread 0x00000209ba80c000 3021  s    3       scala.Enumeration::scala$Enumeration$$nameOf (24 bytes)
Event: 137.818 Thread 0x00000209ba80c000 nmethod 3021 0x00000209bc8cf590 code [0x00000209bc8cf760, 0x00000209bc8d0020]
Event: 137.818 Thread 0x00000209ba80c000 3022       3       scala.Enumeration$$Lambda$104/1782148126::get$Lambda (10 bytes)
Event: 137.818 Thread 0x00000209ba80c000 nmethod 3022 0x00000209bc8cf0d0 code [0x00000209bc8cf240, 0x00000209bc8cf498]
Event: 137.818 Thread 0x00000209ba80c000 3031       3       java.lang.Class$MethodArray::remove (39 bytes)
Event: 137.819 Thread 0x00000209ba80c000 nmethod 3031 0x00000209bc8d1d90 code [0x00000209bc8d1f20, 0x00000209bc8d25f0]
Event: 137.820 Thread 0x00000209ba80c000 3032       3       java.lang.Class::copyMethods (36 bytes)
Event: 137.821 Thread 0x00000209ba80c000 nmethod 3032 0x00000209bc8d2810 code [0x00000209bc8d2a00, 0x00000209bc8d3400]
Event: 137.824 Thread 0x00000209ba847000 nmethod 3030 0x00000209bc8ce790 code [0x00000209bc8ce900, 0x00000209bc8cecc8]

GC Heap History (10 events):
Event: 136.364 GC heap before
{Heap before GC invocations=28 (full 12):
 PSYoungGen      total 270848K, used 4800K [0x00000000eab00000, 0x00000000fbe00000, 0x0000000100000000)
  eden space 260096K, 0% used [0x00000000eab00000,0x00000000eab00000,0x00000000fa900000)
  from space 10752K, 44% used [0x00000000fb380000,0x00000000fb830000,0x00000000fbe00000)
  to   space 10752K, 0% used [0x00000000fa900000,0x00000000fa900000,0x00000000fb380000)
 ParOldGen       total 173568K, used 54445K [0x00000000c0000000, 0x00000000ca980000, 0x00000000eab00000)
  object space 173568K, 31% used [0x00000000c0000000,0x00000000c352b728,0x00000000ca980000)
 Metaspace       used 13677K, capacity 14338K, committed 14592K, reserved 1060864K
  class space    used 2025K, capacity 2180K, committed 2304K, reserved 1048576K
Event: 136.625 GC heap after
Heap after GC invocations=28 (full 12):
 PSYoungGen      total 270848K, used 0K [0x00000000eab00000, 0x00000000fbe00000, 0x0000000100000000)
  eden space 260096K, 0% used [0x00000000eab00000,0x00000000eab00000,0x00000000fa900000)
  from space 10752K, 0% used [0x00000000fb380000,0x00000000fb380000,0x00000000fbe00000)
  to   space 10752K, 0% used [0x00000000fa900000,0x00000000fa900000,0x00000000fb380000)
 ParOldGen       total 173568K, used 54715K [0x00000000c0000000, 0x00000000ca980000, 0x00000000eab00000)
  object space 173568K, 31% used [0x00000000c0000000,0x00000000c356ed90,0x00000000ca980000)
 Metaspace       used 13677K, capacity 14338K, committed 14592K, reserved 1060864K
  class space    used 2025K, capacity 2180K, committed 2304K, reserved 1048576K
}
Event: 136.768 GC heap before
{Heap before GC invocations=29 (full 12):
 PSYoungGen      total 270848K, used 62000K [0x00000000eab00000, 0x00000000fbe00000, 0x0000000100000000)
  eden space 260096K, 23% used [0x00000000eab00000,0x00000000ee78c2f0,0x00000000fa900000)
  from space 10752K, 0% used [0x00000000fb380000,0x00000000fb380000,0x00000000fbe00000)
  to   space 10752K, 0% used [0x00000000fa900000,0x00000000fa900000,0x00000000fb380000)
 ParOldGen       total 173568K, used 54715K [0x00000000c0000000, 0x00000000ca980000, 0x00000000eab00000)
  object space 173568K, 31% used [0x00000000c0000000,0x00000000c356ed90,0x00000000ca980000)
 Metaspace       used 13679K, capacity 14338K, committed 14592K, reserved 1060864K
  class space    used 2025K, capacity 2180K, committed 2304K, reserved 1048576K
Event: 136.795 GC heap after
Heap after GC invocations=29 (full 12):
 PSYoungGen      total 270848K, used 7488K [0x00000000eab00000, 0x00000000fbe00000, 0x0000000100000000)
  eden space 260096K, 0% used [0x00000000eab00000,0x00000000eab00000,0x00000000fa900000)
  from space 10752K, 69% used [0x00000000fa900000,0x00000000fb050000,0x00000000fb380000)
  to   space 10752K, 0% used [0x00000000fb380000,0x00000000fb380000,0x00000000fbe00000)
 ParOldGen       total 173568K, used 54715K [0x00000000c0000000, 0x00000000ca980000, 0x00000000eab00000)
  object space 173568K, 31% used [0x00000000c0000000,0x00000000c356ed90,0x00000000ca980000)
 Metaspace       used 13679K, capacity 14338K, committed 14592K, reserved 1060864K
  class space    used 2025K, capacity 2180K, committed 2304K, reserved 1048576K
}
Event: 136.795 GC heap before
{Heap before GC invocations=30 (full 13):
 PSYoungGen      total 270848K, used 7488K [0x00000000eab00000, 0x00000000fbe00000, 0x0000000100000000)
  eden space 260096K, 0% used [0x00000000eab00000,0x00000000eab00000,0x00000000fa900000)
  from space 10752K, 69% used [0x00000000fa900000,0x00000000fb050000,0x00000000fb380000)
  to   space 10752K, 0% used [0x00000000fb380000,0x00000000fb380000,0x00000000fbe00000)
 ParOldGen       total 173568K, used 54715K [0x00000000c0000000, 0x00000000ca980000, 0x00000000eab00000)
  object space 173568K, 31% used [0x00000000c0000000,0x00000000c356ed90,0x00000000ca980000)
 Metaspace       used 13679K, capacity 14338K, committed 14592K, reserved 1060864K
  class space    used 2025K, capacity 2180K, committed 2304K, reserved 1048576K
Event: 137.088 GC heap after
Heap after GC invocations=30 (full 13):
 PSYoungGen      total 270848K, used 0K [0x00000000eab00000, 0x00000000fbe00000, 0x0000000100000000)
  eden space 260096K, 0% used [0x00000000eab00000,0x00000000eab00000,0x00000000fa900000)
  from space 10752K, 0% used [0x00000000fa900000,0x00000000fa900000,0x00000000fb380000)
  to   space 10752K, 0% used [0x00000000fb380000,0x00000000fb380000,0x00000000fbe00000)
 ParOldGen       total 173568K, used 62039K [0x00000000c0000000, 0x00000000ca980000, 0x00000000eab00000)
  object space 173568K, 35% used [0x00000000c0000000,0x00000000c3c95c28,0x00000000ca980000)
 Metaspace       used 13679K, capacity 14338K, committed 14592K, reserved 1060864K
  class space    used 2025K, capacity 2180K, committed 2304K, reserved 1048576K
}
Event: 137.225 GC heap before
{Heap before GC invocations=31 (full 13):
 PSYoungGen      total 270848K, used 56858K [0x00000000eab00000, 0x00000000fbe00000, 0x0000000100000000)
  eden space 260096K, 21% used [0x00000000eab00000,0x00000000ee286b90,0x00000000fa900000)
  from space 10752K, 0% used [0x00000000fa900000,0x00000000fa900000,0x00000000fb380000)
  to   space 10752K, 0% used [0x00000000fb380000,0x00000000fb380000,0x00000000fbe00000)
 ParOldGen       total 173568K, used 62039K [0x00000000c0000000, 0x00000000ca980000, 0x00000000eab00000)
  object space 173568K, 35% used [0x00000000c0000000,0x00000000c3c95c28,0x00000000ca980000)
 Metaspace       used 13679K, capacity 14338K, committed 14592K, reserved 1060864K
  class space    used 2025K, capacity 2180K, committed 2304K, reserved 1048576K
Event: 137.245 GC heap after
Heap after GC invocations=31 (full 13):
 PSYoungGen      total 270848K, used 6720K [0x00000000eab00000, 0x00000000fbe00000, 0x0000000100000000)
  eden space 260096K, 0% used [0x00000000eab00000,0x00000000eab00000,0x00000000fa900000)
  from space 10752K, 62% used [0x00000000fb380000,0x00000000fba10000,0x00000000fbe00000)
  to   space 10752K, 0% used [0x00000000fa900000,0x00000000fa900000,0x00000000fb380000)
 ParOldGen       total 173568K, used 62039K [0x00000000c0000000, 0x00000000ca980000, 0x00000000eab00000)
  object space 173568K, 35% used [0x00000000c0000000,0x00000000c3c95c28,0x00000000ca980000)
 Metaspace       used 13679K, capacity 14338K, committed 14592K, reserved 1060864K
  class space    used 2025K, capacity 2180K, committed 2304K, reserved 1048576K
}
Event: 137.245 GC heap before
{Heap before GC invocations=32 (full 14):
 PSYoungGen      total 270848K, used 6720K [0x00000000eab00000, 0x00000000fbe00000, 0x0000000100000000)
  eden space 260096K, 0% used [0x00000000eab00000,0x00000000eab00000,0x00000000fa900000)
  from space 10752K, 62% used [0x00000000fb380000,0x00000000fba10000,0x00000000fbe00000)
  to   space 10752K, 0% used [0x00000000fa900000,0x00000000fa900000,0x00000000fb380000)
 ParOldGen       total 173568K, used 62039K [0x00000000c0000000, 0x00000000ca980000, 0x00000000eab00000)
  object space 173568K, 35% used [0x00000000c0000000,0x00000000c3c95c28,0x00000000ca980000)
 Metaspace       used 13679K, capacity 14338K, committed 14592K, reserved 1060864K
  class space    used 2025K, capacity 2180K, committed 2304K, reserved 1048576K
Event: 137.585 GC heap after
Heap after GC invocations=32 (full 14):
 PSYoungGen      total 270848K, used 0K [0x00000000eab00000, 0x00000000fbe00000, 0x0000000100000000)
  eden space 260096K, 0% used [0x00000000eab00000,0x00000000eab00000,0x00000000fa900000)
  from space 10752K, 0% used [0x00000000fb380000,0x00000000fb380000,0x00000000fbe00000)
  to   space 10752K, 0% used [0x00000000fa900000,0x00000000fa900000,0x00000000fb380000)
 ParOldGen       total 173568K, used 68012K [0x00000000c0000000, 0x00000000ca980000, 0x00000000eab00000)
  object space 173568K, 39% used [0x00000000c0000000,0x00000000c426b220,0x00000000ca980000)
 Metaspace       used 13679K, capacity 14338K, committed 14592K, reserved 1060864K
  class space    used 2025K, capacity 2180K, committed 2304K, reserved 1048576K
}

Deoptimization events (10 events):
Event: 137.666 Thread 0x0000020998bc3800 Uncommon trap: reason=class_check action=maybe_recompile pc=0x00000209bc8183dc method=scala.collection.mutable.MapBuilder.$plus$eq(Lscala/Tuple2;)Lscala/collection/mutable/MapBuilder; @ 6
Event: 137.666 Thread 0x0000020998bc3800 Uncommon trap: reason=class_check action=maybe_recompile pc=0x00000209bc8183dc method=scala.collection.mutable.MapBuilder.$plus$eq(Lscala/Tuple2;)Lscala/collection/mutable/MapBuilder; @ 6
Event: 137.666 Thread 0x0000020998bc3800 Uncommon trap: reason=class_check action=maybe_recompile pc=0x00000209bc8183dc method=scala.collection.mutable.MapBuilder.$plus$eq(Lscala/Tuple2;)Lscala/collection/mutable/MapBuilder; @ 6
Event: 137.666 Thread 0x0000020998bc3800 Uncommon trap: reason=class_check action=maybe_recompile pc=0x00000209bc8183dc method=scala.collection.mutable.MapBuilder.$plus$eq(Lscala/Tuple2;)Lscala/collection/mutable/MapBuilder; @ 6
Event: 137.666 Thread 0x0000020998bc3800 Uncommon trap: reason=class_check action=maybe_recompile pc=0x00000209bc816478 method=scala.collection.mutable.MapBuilder.$plus$eq(Lscala/Tuple2;)Lscala/collection/mutable/MapBuilder; @ 6
Event: 137.682 Thread 0x0000020998bc3800 Uncommon trap: reason=speculate_class_check action=maybe_recompile pc=0x00000209bc8401d4 method=scala.collection.LinearSeqOptimized.last()Ljava/lang/Object; @ 30
Event: 137.698 Thread 0x0000020998bc3800 Uncommon trap: reason=speculate_class_check action=maybe_recompile pc=0x00000209bc8401d4 method=scala.collection.LinearSeqOptimized.last()Ljava/lang/Object; @ 30
Event: 137.698 Thread 0x0000020998bc3800 Uncommon trap: reason=speculate_class_check action=maybe_recompile pc=0x00000209bc8401d4 method=scala.collection.LinearSeqOptimized.last()Ljava/lang/Object; @ 30
Event: 137.705 Thread 0x0000020998bc3800 Uncommon trap: reason=speculate_class_check action=maybe_recompile pc=0x00000209bc8401d4 method=scala.collection.LinearSeqOptimized.last()Ljava/lang/Object; @ 30
Event: 137.760 Thread 0x0000020998bc3800 Uncommon trap: reason=unstable_if action=reinterpret pc=0x00000209bc36ce70 method=scala.collection.immutable.HashMap$HashTrieMap.get0(Ljava/lang/Object;II)Lscala/Option; @ 13

Classes redefined (0 events):
No events

Internal exceptions (10 events):
Event: 133.666 Thread 0x0000020998bc3800 Exception <a 'java/lang/NoSuchMethodError': java.lang.Object.$anonfun$count$1$adapted(Lscala/Function1;Lscala/runtime/IntRef;Ljava/lang/Object;)Ljava/lang/Object;> (0x00000000ec3d0d88) thrown at [C:\cygwin64\tmp\openjdk-jdk8u-windows-x64-hotspot\workspace
Event: 133.880 Thread 0x0000020998bc3800 Exception <a 'java/lang/NoSuchMethodError': java.lang.Object.$anonfun$sliding$1(Lscala/collection/IterableLike;Lscala/collection/Seq;)Ljava/lang/Object;> (0x00000000ee7145e0) thrown at [C:\cygwin64\tmp\openjdk-jdk8u-windows-x64-hotspot\workspace\build\src
Event: 133.890 Thread 0x0000020998bc3800 Exception <a 'java/lang/NoSuchMethodError': java.lang.Object.$anonfun$sum$1(Lscala/math/Numeric;Ljava/lang/Object;Ljava/lang/Object;)Ljava/lang/Object;> (0x00000000ee75c560) thrown at [C:\cygwin64\tmp\openjdk-jdk8u-windows-x64-hotspot\workspace\build\src\
Event: 133.905 Thread 0x0000020998bc3800 Exception <a 'java/lang/NoSuchMethodError': java.lang.Object.$anonfun$distinct$1(Lscala/collection/mutable/Builder;Lscala/collection/mutable/HashSet;Ljava/lang/Object;)Ljava/lang/Object;> (0x00000000ee7b0738) thrown at [C:\cygwin64\tmp\openjdk-jdk8u-windo
Event: 133.950 Thread 0x0000020998bc3800 Exception <a 'java/lang/NoSuchMethodError': java.lang.Object.$anonfun$releaseVersion$1$adapted(Ljava/lang/String;)Ljava/lang/Object;> (0x00000000ee94f628) thrown at [C:\cygwin64\tmp\openjdk-jdk8u-windows-x64-hotspot\workspace\build\src\hotspot\src\share\v
Event: 133.951 Thread 0x0000020998bc3800 Exception <a 'java/lang/NoSuchMethodError': java.lang.Object.$anonfun$releaseVersion$2(Ljava/lang/String;)Ljava/lang/String;> (0x00000000ee959d98) thrown at [C:\cygwin64\tmp\openjdk-jdk8u-windows-x64-hotspot\workspace\build\src\hotspot\src\share\vm\interp
Event: 133.952 Thread 0x0000020998bc3800 Exception <a 'java/lang/NoSuchMethodError': java.lang.Object.$anonfun$developmentVersion$1$adapted(Ljava/lang/String;)Ljava/lang/Object;> (0x00000000ee95df30) thrown at [C:\cygwin64\tmp\openjdk-jdk8u-windows-x64-hotspot\workspace\build\src\hotspot\src\sha
Event: 133.952 Thread 0x0000020998bc3800 Exception <a 'java/lang/NoSuchMethodError': java.lang.Object.$anonfun$developmentVersion$2(Lscala/util/PropertiesTrait;Ljava/lang/String;)Lscala/Option;> (0x00000000ee961cf8) thrown at [C:\cygwin64\tmp\openjdk-jdk8u-windows-x64-hotspot\workspace\build\src
Event: 134.634 Thread 0x0000020998bc3800 Exception <a 'java/lang/NoSuchMethodError': java.lang.Object.$anonfun$addString$1(Lscala/collection/mutable/StringBuilder;Ljava/lang/String;Lscala/runtime/BooleanRef;Ljava/lang/Object;)Ljava/lang/Object;> (0x00000000eaf1edd0) thrown at [C:\cygwin64\tmp\op
Event: 137.805 Thread 0x0000020998bc3800 Exception <a 'java/lang/NoSuchMethodError': java.lang.Object.$anonfun$filterImpl$1(Lscala/Function1;ZLscala/collection/mutable/Builder;Ljava/lang/Object;)Ljava/lang/Object;> (0x00000000f06f4460) thrown at [C:\cygwin64\tmp\openjdk-jdk8u-windows-x64-hotspot

Events (10 events):
Event: 137.802 loading class scala/collection/mutable/ArrayOps$ofRef$
Event: 137.802 loading class scala/collection/mutable/ArrayOps$ofRef$ done
Event: 137.803 loading class scala/reflect/ClassTag$
Event: 137.803 loading class scala/reflect/ClassTag$ done
Event: 137.804 loading class scala/reflect/ClassTag$GenericClassTag
Event: 137.804 loading class scala/reflect/ClassTag$GenericClassTag done
Event: 137.805 loading class scala/Function1
Event: 137.805 loading class scala/Function1 done
Event: 137.805 loading class scala/Function1
Event: 137.805 loading class scala/Function1 done


Dynamic libraries:
0x00007ff63dce0000 - 0x00007ff63dcfc000 	C:\Users\twentystones\anaconda3\python.exe
0x00007ffb63250000 - 0x00007ffb63445000 	C:\Windows\SYSTEM32\ntdll.dll
0x00007ffb62460000 - 0x00007ffb6251e000 	C:\Windows\System32\KERNEL32.DLL
0x00007ffb60970000 - 0x00007ffb60c38000 	C:\Windows\System32\KERNELBASE.dll
0x00007ffb60e00000 - 0x00007ffb60f00000 	C:\Windows\System32\ucrtbase.dll
0x00007ffb083e0000 - 0x00007ffb08812000 	C:\Users\twentystones\anaconda3\python38.dll
0x00007ffb61b00000 - 0x00007ffb61b55000 	C:\Windows\System32\SHLWAPI.dll
0x00007ffb61cc0000 - 0x00007ffb61d5e000 	C:\Windows\System32\msvcrt.dll
0x00007ffb621f0000 - 0x00007ffb6225b000 	C:\Windows\System32\WS2_32.dll
0x00007ffb630b0000 - 0x00007ffb631da000 	C:\Windows\System32\RPCRT4.dll
0x00007ffb62260000 - 0x00007ffb6230c000 	C:\Windows\System32\ADVAPI32.dll
0x00007ffb62310000 - 0x00007ffb623ab000 	C:\Windows\System32\sechost.dll
0x00007ffb57f60000 - 0x00007ffb57f79000 	C:\Users\twentystones\anaconda3\VCRUNTIME140.dll
0x00007ffb56210000 - 0x00007ffb5621a000 	C:\Windows\SYSTEM32\VERSION.dll
0x00007ffb2dc60000 - 0x00007ffb2dc8d000 	C:\Windows\SYSTEM32\f_im.dll
0x0000000180000000 - 0x0000000180040000 	C:\Program Files\Fasoo DRM\f_nxa.dll
0x0000000061000000 - 0x00000000611d7000 	C:\Program Files\Fasoo DRM\f_sps.dll
0x00007ffb615b0000 - 0x00007ffb61751000 	C:\Windows\System32\USER32.dll
0x00007ffb61020000 - 0x00007ffb61042000 	C:\Windows\System32\win32u.dll
0x00007ffb61be0000 - 0x00007ffb61c0b000 	C:\Windows\System32\GDI32.dll
0x00007ffb60c40000 - 0x00007ffb60d4b000 	C:\Windows\System32\gdi32full.dll
0x00007ffb60f00000 - 0x00007ffb60f9d000 	C:\Windows\System32\msvcp_win.dll
0x00007ffb612a0000 - 0x00007ffb613ca000 	C:\Windows\System32\ole32.dll
0x00007ffb62590000 - 0x00007ffb628e5000 	C:\Windows\System32\combase.dll
0x00007ffb61a30000 - 0x00007ffb61afd000 	C:\Windows\System32\OLEAUT32.dll
0x00007ffb631e0000 - 0x00007ffb63210000 	C:\Windows\System32\IMM32.DLL
0x00007ffb5f620000 - 0x00007ffb5f653000 	C:\Windows\SYSTEM32\ntmarta.dll
0x00007ffb41db0000 - 0x00007ffb41db7000 	C:\Windows\SYSTEM32\msimg32.dll
0x00007ffb41d10000 - 0x00007ffb41da5000 	C:\Windows\SYSTEM32\winspool.drv
0x00007ffb615a0000 - 0x00007ffb615a8000 	C:\Windows\System32\psapi.dll
0x00007ffb5b450000 - 0x00007ffb5b464000 	C:\Windows\SYSTEM32\wtsapi32.dll
0x00007ffb62970000 - 0x00007ffb630af000 	C:\Windows\System32\shell32.dll
0x00007ffb60320000 - 0x00007ffb60338000 	C:\Windows\SYSTEM32\CRYPTSP.dll
0x00007ffb5f9f0000 - 0x00007ffb5fa24000 	C:\Windows\system32\rsaenh.dll
0x00007ffb60ff0000 - 0x00007ffb61017000 	C:\Windows\System32\bcrypt.dll
0x00007ffb60250000 - 0x00007ffb6025c000 	C:\Windows\SYSTEM32\CRYPTBASE.dll
0x00007ffb61210000 - 0x00007ffb61293000 	C:\Windows\System32\bcryptPrimitives.dll
0x00007ffb580b0000 - 0x00007ffb580bf000 	C:\Users\twentystones\anaconda3\python3.DLL
0x00007ffb57b50000 - 0x00007ffb57b67000 	C:\Users\twentystones\anaconda3\DLLs\_bz2.pyd
0x00007ffb56410000 - 0x00007ffb5643a000 	C:\Users\twentystones\anaconda3\DLLs\_lzma.pyd
0x00007ffb57b70000 - 0x00007ffb57b90000 	C:\Users\twentystones\anaconda3\DLLs\_ctypes.pyd
0x00007ffb57bc0000 - 0x00007ffb57bcb000 	C:\Users\twentystones\anaconda3\DLLs\libffi-7.dll
0x00007ffb539e0000 - 0x00007ffb539ed000 	C:\Users\twentystones\anaconda3\DLLs\_hashlib.pyd
0x00007ffb1a2c0000 - 0x00007ffb1a60a000 	C:\Users\twentystones\anaconda3\Library\bin\libcrypto-1_1-x64.dll
0x00007ffb49200000 - 0x00007ffb49217000 	C:\Users\twentystones\anaconda3\DLLs\_sqlite3.pyd
0x00007ffb0d7d0000 - 0x00007ffb0d92c000 	C:\Users\twentystones\anaconda3\Library\bin\sqlite3.dll
0x00007ffb539c0000 - 0x00007ffb539d6000 	C:\Users\twentystones\anaconda3\DLLs\_socket.pyd
0x00007ffb5fd80000 - 0x00007ffb5fdbb000 	C:\Windows\SYSTEM32\IPHLPAPI.DLL
0x00007ffb52b30000 - 0x00007ffb52b39000 	C:\Users\twentystones\anaconda3\DLLs\select.pyd
0x00007ffb52b00000 - 0x00007ffb52b27000 	C:\Users\twentystones\anaconda3\DLLs\_ssl.pyd
0x00007ffb61050000 - 0x00007ffb611a6000 	C:\Windows\System32\CRYPT32.dll
0x00007ffb50370000 - 0x00007ffb5041c000 	C:\Users\twentystones\anaconda3\Library\bin\libssl-1_1-x64.dll
0x00007ffb51740000 - 0x00007ffb51752000 	C:\Users\twentystones\anaconda3\DLLs\_asyncio.pyd
0x00007ffb52280000 - 0x00007ffb5228d000 	C:\Users\twentystones\anaconda3\DLLs\_overlapped.pyd
0x00007ffb600c0000 - 0x00007ffb6012a000 	C:\Windows\system32\mswsock.dll
0x00007ffb52af0000 - 0x00007ffb52af9000 	C:\Users\twentystones\anaconda3\DLLs\_queue.pyd
0x00007ffb4f8a0000 - 0x00007ffb4f9ae000 	C:\Users\twentystones\anaconda3\DLLs\unicodedata.pyd
0x00007ffb510e0000 - 0x00007ffb510f6000 	C:\Users\twentystones\anaconda3\lib\site-packages\zmq\backend\cython\constants.cp38-win_amd64.pyd
0x00007ffb516d0000 - 0x00007ffb516dc000 	C:\Users\twentystones\anaconda3\lib\site-packages\zmq\backend\cython\error.cp38-win_amd64.pyd
0x00007ffb502f0000 - 0x00007ffb50367000 	C:\Users\twentystones\anaconda3\Library\bin\libzmq-mt-4_3_3.dll
0x00007ffb4f850000 - 0x00007ffb4f89f000 	C:\Users\twentystones\anaconda3\Library\bin\libsodium.dll
0x00007ffb436a0000 - 0x00007ffb4372d000 	C:\Windows\SYSTEM32\MSVCP140.dll
0x00007ffb43670000 - 0x00007ffb4367c000 	C:\Windows\SYSTEM32\VCRUNTIME140_1.dll
0x00007ffb502b0000 - 0x00007ffb502c9000 	C:\Users\twentystones\anaconda3\lib\site-packages\zmq\backend\cython\message.cp38-win_amd64.pyd
0x00007ffb4f6e0000 - 0x00007ffb4f6f4000 	C:\Users\twentystones\anaconda3\lib\site-packages\zmq\backend\cython\context.cp38-win_amd64.pyd
0x00007ffb4aa80000 - 0x00007ffb4aaa3000 	C:\Users\twentystones\anaconda3\lib\site-packages\zmq\backend\cython\socket.cp38-win_amd64.pyd
0x00007ffb4f840000 - 0x00007ffb4f84e000 	C:\Users\twentystones\anaconda3\lib\site-packages\zmq\backend\cython\utils.cp38-win_amd64.pyd
0x00007ffb4aa60000 - 0x00007ffb4aa74000 	C:\Users\twentystones\anaconda3\lib\site-packages\zmq\backend\cython\_poll.cp38-win_amd64.pyd
0x00007ffb4f530000 - 0x00007ffb4f53c000 	C:\Users\twentystones\anaconda3\lib\site-packages\zmq\backend\cython\_version.cp38-win_amd64.pyd
0x00007ffb49230000 - 0x00007ffb49242000 	C:\Users\twentystones\anaconda3\lib\site-packages\zmq\backend\cython\_device.cp38-win_amd64.pyd
0x00007ffb4b960000 - 0x00007ffb4b970000 	C:\Users\twentystones\anaconda3\lib\site-packages\zmq\backend\cython\_proxy_steerable.cp38-win_amd64.pyd
0x00007ffb52290000 - 0x00007ffb52297000 	C:\Users\twentystones\anaconda3\lib\site-packages\tornado\speedups.cp38-win_amd64.pyd
0x00007ffb516e0000 - 0x00007ffb51723000 	C:\Users\twentystones\anaconda3\DLLs\_decimal.pyd
0x00007ffb5f1b0000 - 0x00007ffb5f1c2000 	C:\Windows\SYSTEM32\kernel.appcore.dll
0x00007ffb53cf0000 - 0x00007ffb53cf7000 	C:\Windows\system32\wshunix.dll
0x00007ffb62520000 - 0x00007ffb62528000 	C:\Windows\System32\NSI.dll
0x00007ffb55350000 - 0x00007ffb55367000 	C:\Windows\SYSTEM32\dhcpcsvc6.DLL
0x00007ffb559b0000 - 0x00007ffb559cd000 	C:\Windows\SYSTEM32\dhcpcsvc.DLL
0x00007ffb5fdc0000 - 0x00007ffb5fe8b000 	C:\Windows\SYSTEM32\DNSAPI.dll
0x000000005ab60000 - 0x000000005ab84000 	C:\Users\twentystones\anaconda3\lib\site-packages\win32\win32api.pyd
0x000000005ab30000 - 0x000000005ab57000 	C:\Users\twentystones\anaconda3\lib\site-packages\win32\pywintypes38.dll
0x00007ffb43c50000 - 0x00007ffb43c5c000 	C:\Windows\SYSTEM32\secur32.dll
0x00007ffb60860000 - 0x00007ffb60891000 	C:\Windows\SYSTEM32\SSPICLI.DLL
0x000000005aa60000 - 0x000000005aa87000 	C:\Users\twentystones\anaconda3\lib\site-packages\win32\win32security.pyd
0x00007ffb48910000 - 0x00007ffb48928000 	C:\Windows\SYSTEM32\NETAPI32.dll
0x00007ffb5fe90000 - 0x00007ffb5fe9c000 	C:\Windows\SYSTEM32\NETUTILS.DLL
0x0000020999390000 - 0x0000020999393000 	C:\Windows\SYSTEM32\security.dll
0x00007ffb33090000 - 0x00007ffb330ba000 	C:\Windows\SYSTEM32\ntdsapi.dll
0x00007ffb5fea0000 - 0x00007ffb5fee2000 	C:\Windows\SYSTEM32\LOGONCLI.DLL
0x00007ffb32c20000 - 0x00007ffb32cf0000 	C:\Users\twentystones\anaconda3\lib\site-packages\brotli\_brotli.pyd
0x00007ffb3c440000 - 0x00007ffb3c474000 	C:\Users\twentystones\anaconda3\lib\site-packages\_cffi_backend.cp38-win_amd64.pyd
0x0000000066d80000 - 0x0000000068b11000 	C:\Users\twentystones\anaconda3\lib\site-packages\numpy\.libs\libopenblas.WCDJNK7YVMPZQ2ME2ZZHJJRJ3JIKNDB7.gfortran-win_amd64.dll
0x00007ffb000f0000 - 0x00007ffb003b9000 	C:\Users\twentystones\anaconda3\lib\site-packages\numpy\core\_multiarray_umath.cp38-win_amd64.pyd
0x00007ffb33070000 - 0x00007ffb3308f000 	C:\Users\twentystones\anaconda3\lib\site-packages\numpy\core\_multiarray_tests.cp38-win_amd64.pyd
0x00007ffb491f0000 - 0x00007ffb491f9000 	C:\Users\twentystones\anaconda3\lib\site-packages\numpy\linalg\lapack_lite.cp38-win_amd64.pyd
0x00007ffb32af0000 - 0x00007ffb32b1a000 	C:\Users\twentystones\anaconda3\lib\site-packages\numpy\linalg\_umath_linalg.cp38-win_amd64.pyd
0x00007ffb33050000 - 0x00007ffb33070000 	C:\Users\twentystones\anaconda3\lib\site-packages\numpy\fft\_pocketfft_internal.cp38-win_amd64.pyd
0x00007ffb09270000 - 0x00007ffb09300000 	C:\Users\twentystones\anaconda3\lib\site-packages\numpy\random\mtrand.cp38-win_amd64.pyd
0x00007ffb1ab40000 - 0x00007ffb1ab69000 	C:\Users\twentystones\anaconda3\lib\site-packages\numpy\random\bit_generator.cp38-win_amd64.pyd
0x00007ffb1a190000 - 0x00007ffb1a1c2000 	C:\Users\twentystones\anaconda3\lib\site-packages\numpy\random\_common.cp38-win_amd64.pyd
0x00007ffb0a480000 - 0x00007ffb0a4c0000 	C:\Users\twentystones\anaconda3\lib\site-packages\numpy\random\_bounded_integers.cp38-win_amd64.pyd
0x00007ffb0ba40000 - 0x00007ffb0ba58000 	C:\Users\twentystones\anaconda3\lib\site-packages\numpy\random\_mt19937.cp38-win_amd64.pyd
0x00007ffb0b910000 - 0x00007ffb0b927000 	C:\Users\twentystones\anaconda3\lib\site-packages\numpy\random\_philox.cp38-win_amd64.pyd
0x00007ffb0b1b0000 - 0x00007ffb0b1c5000 	C:\Users\twentystones\anaconda3\lib\site-packages\numpy\random\_pcg64.cp38-win_amd64.pyd
0x00007ffb0af50000 - 0x00007ffb0af62000 	C:\Users\twentystones\anaconda3\lib\site-packages\numpy\random\_sfc64.cp38-win_amd64.pyd
0x00007ffb05ff0000 - 0x00007ffb06095000 	C:\Users\twentystones\anaconda3\lib\site-packages\numpy\random\_generator.cp38-win_amd64.pyd
0x00007ffb05ee0000 - 0x00007ffb05fec000 	C:\Users\twentystones\anaconda3\lib\site-packages\pandas\_libs\interval.cp38-win_amd64.pyd
0x00007ffb008b0000 - 0x00007ffb009a8000 	C:\Users\twentystones\anaconda3\lib\site-packages\pandas\_libs\hashtable.cp38-win_amd64.pyd
0x00007ffb0a8f0000 - 0x00007ffb0a91b000 	C:\Users\twentystones\anaconda3\lib\site-packages\pandas\_libs\missing.cp38-win_amd64.pyd
0x00007ffb0ab40000 - 0x00007ffb0ab5e000 	C:\Users\twentystones\anaconda3\lib\site-packages\pandas\_libs\tslibs\dtypes.cp38-win_amd64.pyd
0x00007ffb09b00000 - 0x00007ffb09b3c000 	C:\Users\twentystones\anaconda3\lib\site-packages\pandas\_libs\tslibs\conversion.cp38-win_amd64.pyd
0x00007ffb32cf0000 - 0x00007ffb32cff000 	C:\Users\twentystones\anaconda3\lib\site-packages\pandas\_libs\tslibs\base.cp38-win_amd64.pyd
0x00007ffb08250000 - 0x00007ffb08282000 	C:\Users\twentystones\anaconda3\lib\site-packages\pandas\_libs\tslibs\nattype.cp38-win_amd64.pyd
0x00007ffb32ae0000 - 0x00007ffb32aef000 	C:\Users\twentystones\anaconda3\lib\site-packages\pandas\_libs\tslibs\np_datetime.cp38-win_amd64.pyd
0x00007ffb08210000 - 0x00007ffb08244000 	C:\Users\twentystones\anaconda3\lib\site-packages\pandas\_libs\tslibs\timezones.cp38-win_amd64.pyd
0x00007ffb064f0000 - 0x00007ffb0652c000 	C:\Users\twentystones\anaconda3\lib\site-packages\pandas\_libs\tslibs\tzconversion.cp38-win_amd64.pyd
0x00007ffb0a160000 - 0x00007ffb0a172000 	C:\Users\twentystones\anaconda3\lib\site-packages\pandas\_libs\tslibs\ccalendar.cp38-win_amd64.pyd
0x00007ffb00850000 - 0x00007ffb008a1000 	C:\Users\twentystones\anaconda3\lib\site-packages\pandas\_libs\tslibs\parsing.cp38-win_amd64.pyd
0x00007ffb00020000 - 0x00007ffb000e8000 	C:\Users\twentystones\anaconda3\lib\site-packages\pandas\_libs\tslibs\offsets.cp38-win_amd64.pyd
0x00007ffb007f0000 - 0x00007ffb0084d000 	C:\Users\twentystones\anaconda3\lib\site-packages\pandas\_libs\tslibs\timedeltas.cp38-win_amd64.pyd
0x00007ffb00790000 - 0x00007ffb007f0000 	C:\Users\twentystones\anaconda3\lib\site-packages\pandas\_libs\tslibs\timestamps.cp38-win_amd64.pyd
0x00007ffb064b0000 - 0x00007ffb064e8000 	C:\Users\twentystones\anaconda3\lib\site-packages\pandas\_libs\tslibs\fields.cp38-win_amd64.pyd
0x00007ffb05e90000 - 0x00007ffb05ede000 	C:\Users\twentystones\anaconda3\lib\site-packages\pandas\_libs\tslibs\strptime.cp38-win_amd64.pyd
0x00007ffb09250000 - 0x00007ffb09263000 	C:\Users\twentystones\anaconda3\lib\site-packages\pandas\_libs\properties.cp38-win_amd64.pyd
0x00007ffafffc0000 - 0x00007ffb0001b000 	C:\Users\twentystones\anaconda3\lib\site-packages\pandas\_libs\tslibs\period.cp38-win_amd64.pyd
0x00007ffb060c0000 - 0x00007ffb060f4000 	C:\Users\twentystones\anaconda3\lib\site-packages\pandas\_libs\tslibs\vectorized.cp38-win_amd64.pyd
0x00007ffb05ca0000 - 0x00007ffb05cb2000 	C:\Users\twentystones\anaconda3\lib\site-packages\pandas\_libs\ops_dispatch.cp38-win_amd64.pyd
0x00007ffaffe80000 - 0x00007ffafffb6000 	C:\Users\twentystones\anaconda3\lib\site-packages\pandas\_libs\algos.cp38-win_amd64.pyd

VM Arguments:
jvm_args: -Dfile.encoding=UTF8 -ea -Xmx1024m 
java_command: <unknown>
java_class_path (initial): C:\Users\twentystones\anaconda3\Lib\site-packages\konlpy\java;C:\Users\twentystones\anaconda3\Lib\site-packages\konlpy\java\bin;C:\Users\twentystones\anaconda3\Lib\site-packages\konlpy\java\;C:\Users\twentystones\anaconda3\Lib\site-packages\konlpy\java\jhannanum-0.8.4.jar;C:\Users\twentystones\anaconda3\Lib\site-packages\konlpy\java\kkma-2.0.jar;C:\Users\twentystones\anaconda3\Lib\site-packages\konlpy\java\aho-corasick.jar;C:\Users\twentystones\anaconda3\Lib\site-packages\konlpy\java\shineware-common-1.0.jar;C:\Users\twentystones\anaconda3\Lib\site-packages\konlpy\java\shineware-ds-1.0.jar;C:\Users\twentystones\anaconda3\Lib\site-packages\konlpy\java\komoran-3.0.jar;C:\Users\twentystones\anaconda3\Lib\site-packages\konlpy\java\snakeyaml-1.12.jar;C:\Users\twentystones\anaconda3\Lib\site-packages\konlpy\java\scala-library-2.12.3.jar;C:\Users\twentystones\anaconda3\Lib\site-packages\konlpy\java\open-korean-text-2.1.0.jar;C:\Users\twentystones\anaconda3\Lib\site-packages\konlpy\java\twitter-text-1.14.7.jar;C:\Users\twentystones\anaconda3\Lib\site-packages\konlpy\java\
Launcher Type: generic

Environment Variables:
JAVA_HOME=C:\DevTools\jdk-1.8.0.232-b09\jre\bin\server
PATH=C:\Users\twentystones\anaconda3;C:\Users\twentystones\anaconda3\Library\mingw-w64\bin;C:\Users\twentystones\anaconda3\Library\usr\bin;C:\Users\twentystones\anaconda3\Library\bin;C:\Users\twentystones\anaconda3\Scripts;C:\oraclexe\app\oracle\product\11.2.0\server\bin;C:\Python39\Scripts\;C:\Program Files\Git\cmd;C:\Program Files\Docker\Docker\resources\bin;C:\ProgramData\DockerDesktop\version-bin;C:\Program Files\MySQL\MySQL Shell 8.0\bin\;C:\Users\twentystones\AppData\Local\Programs\Microsoft VS Code\bin
USERNAME=twentystones
OS=Windows_NT
PROCESSOR_IDENTIFIER=Intel64 Family 6 Model 142 Stepping 12, GenuineIntel



---------------  S Y S T E M  ---------------

OS: Windows 10.0 , 64 bit Build 19041 (10.0.19041.1348)

CPU:total 4 (initial active 4) (2 cores per cpu, 2 threads per core) family 6 model 142 stepping 12, cmov, cx8, fxsr, mmx, sse, sse2, sse3, ssse3, sse4.1, sse4.2, popcnt, avx, avx2, aes, clmul, erms, 3dnowpref, lzcnt, ht, tsc, tscinvbit, bmi1, bmi2, adx

Memory: 4k page, physical 16583320k(8456072k free), swap 19073688k(8216408k free)

vm_info: OpenJDK 64-Bit Server VM (25.232-b09) for windows-amd64 JRE (1.8.0_232-b09), built on Oct 18 2019 15:06:13 by "jenkins" with MS VC++ 12.0 (VS2013)

time: Sun Nov 21 18:41:05 2021
timezone: ¢¥eCN©öI¡¾©ö C¡ÍA¨ª¨öA
elapsed time: 137 seconds (0d 0h 2m 17s)

